[LOG] System::create                           : Header version = 2.00.07. Current version = 2.00.07.
[LOG] Manager::init                            : maxchannels = 256 studioflags = 00000006 flags 00000000 extradriverdata 0000000000000000.
[LOG] SystemI::init                            : Initialize version=20007 (107206), maxchannels=256, flags=0x00020000
[LOG] SystemI::setOutputInternal               : Setting output to 'FMOD WASAPI Output'
[LOG] OutputWASAPI::init                       : Mix Format (WAVEFORMATEX): wFormatTag=0xFFFE, nChannels=2, nSamplesPerSec=48000, nAvgBytesPerSec=384000, nBlockAlign=8, wBitsPerSample=32, cbSize=22.
[LOG] OutputWASAPI::init                       : Mix Format (WAVEFORMATEXTENSIBLE): wValidBitsPerSample=32, dwChannelMask=0x00000003, SubFormat=00000003-0000-0010-8000-00AA00389B71.
[LOG] OutputWASAPI::init                       : Output buffer size: 4096 samples, latency: 0.00ms, period: 10.00ms, DSP buffer: 1024 * 4
[LOG] Thread::initThread                       : Init FMOD stream thread. Priority: 2, Stack Size: 98304, Semaphore: No, Sleep Time: 10, Looping: Yes.
[LOG] Thread::initThread                       : Init FMOD mixer thread. Priority: 3, Stack Size: 81920, Semaphore: No, Sleep Time: 0, Looping: Yes.
[LOG] AsyncManager::init                       : manager 000001E3343A6078 isAsync 0 updatePeriod 0.02
[LOG] AsyncManager::init                       : done
[LOG] PlaybackSystem::init                     : 
[LOG] Thread::initThread                       : Init FMOD Studio sample load thread. Priority: 0, Stack Size: 98304, Semaphore: No, Sleep Time: 1, Looping: No.
[LOG] PlaybackSystem::init                     : done
[LOG] Thread::initThread                       : Init FMOD Studio bank load thread. Priority: 0, Stack Size: 98304, Semaphore: No, Sleep Time: 1, Looping: No.
[LOG] Manager::init                            : done.
[LOG] SystemI::createSoundInternal             : Create name='', mode=0x02000202
[LOG] SystemI::createSoundInternal             : exinfo->cbsize             = 224
[LOG] SystemI::createSoundInternal             : exinfo->length             = 2855488
[LOG] SystemI::createSoundInternal             : exinfo->fileoffset         = 17280
[LOG] SystemI::createSoundInternal             : exinfo->numsubsounds       = 1
[LOG] SystemI::createSoundInternal             : exinfo->inclusionlist      = 0000004989BFF4FC
[LOG] SystemI::createSoundInternal             : exinfo->inclusionlistnum   = 1
[LOG] SystemI::createSoundInternal             : exinfo->suggestedsoundtype = 5
[LOG] SystemI::createSoundInternal             : exinfo->useropen           = 00007FF9CDFC8630
[LOG] SystemI::createSoundInternal             : exinfo->userclose          = 00007FF9CDFC8600
[LOG] SystemI::createSoundInternal             : exinfo->userread           = 00007FF9CDFC8700
[LOG] SystemI::createSoundInternal             : exinfo->userseek           = 00007FF9CDFC87C0
[LOG] SystemI::createSoundInternal             : exinfo->fileuserdata       = 000001E3DECE2278
[LOG] SystemI::createSoundInternal             : exinfo->initialseekpostype = 1
[LOG] SystemI::DSPCodecPoolRegister            : register codec pool for pool type 5
[LOG] SystemI::createSoundInternal             : Sample 0/1: name='shoot (1)', format=2, channels=2, frequency=48000, lengthbytes=10144, lengthpcm=33231, pcmblocksize=0, loopstart=0, loopend=0, mode=0x00000000, channelmask=0x00000000, channelorder=0, peakvolume=0.703308.
[LOG] SoundI::release                          : FKDP_bakcground (000001E3C0E50CC8)
[LOG] SoundI::release                          :     FKDP_bakcground (000001E3C21CD7C8)
[LOG] SoundI::release                          :     FKDP_bakcground (000001E3C318A8F8)
[LOG] SoundI::release                          : still_bakcground (000001E3C0E502A8)
[LOG] SoundI::release                          :     still_bakcground (000001E3C21CD2E8)
[LOG] SoundI::release                          :     still_bakcground (000001E3C318A598)
[LOG] SoundI::release                          : action_bakcground (000001E3C0E50458)
[LOG] SoundI::release                          :     action_bakcground (000001E3C21CAF28)
[LOG] SoundI::release                          :     action_bakcground (000001E3C318AFB8)
[LOG] SoundI::release                          : boss_bakcground (000001E3C0E50608)
[LOG] SoundI::release                          :     boss_bakcground (000001E3C21CAD88)
[LOG] SoundI::release                          :     boss_bakcground (000001E3319D2D08)
[LOG] SoundI::release                          :  (000001E3C340EB18)
[LOG] SoundI::release                          :     shoot (1) (000001E3C1302238)
[LOG] Thread::callback                         : FMOD Studio update thread finished.
[LOG] Thread::callback                         : FMOD Studio bank load thread finished.
[LOG] Profile::disconnectAll                   : Profiler disconnecting all clients
[LOG] Thread::callback                         : FMOD Studio sample load thread finished.
[LOG] LiveUpdate::release                      : 
[LOG] LiveUpdate::reset                        : Reset connection (reason Disconnected)
[LOG] Thread::callback                         : FMOD stream thread finished.
[LOG] Thread::callback                         : FMOD mixer thread finished.
[LOG] Profile::disconnectAll                   : Profiler disconnecting all clients
[LOG] SystemI::close                           : Closed.
